<?xml version="1.0" encoding="UTF-8"?>
<!-- Generated by org.testng.reporters.JUnitReportReporter -->
<testsuite hostname="DESKTOP-M168R38" failures="0" tests="1" name="testCases.TC001_AccountRegistrationTest" time="2.513" errors="0" timestamp="2025-07-20T10:32:01 IST" skipped="0">
  <testcase classname="testCases.TC001_AccountRegistrationTest" name="verify_account_registration" time="2.513"/>
</testsuite> <!-- testCases.TC001_AccountRegistrationTest -->
