<?xml version="1.0" encoding="UTF-8"?>
<!-- Generated by org.testng.reporters.JUnitReportReporter -->
<testsuite hostname="DESKTOP-M168R38" failures="0" tests="1" name="testCases.TC_002_LoginTest" time="1.770" errors="0" timestamp="2025-07-20T11:37:38 IST" skipped="0">
  <testcase classname="testCases.TC_002_LoginTest" name="verify_login" time="1.770"/>
</testsuite> <!-- testCases.TC_002_LoginTest -->
