<?xml version="1.0" encoding="UTF-8"?>
<!-- Generated by org.testng.reporters.JUnitReportReporter -->
<testsuite hostname="DESKTOP-M168R38" failures="0" tests="1" name="testCases.TC001_AccountRegistrationTest" time="3.392" errors="0" timestamp="2025-07-20T11:37:38 IST" skipped="0">
  <testcase classname="testCases.TC001_AccountRegistrationTest" name="verify_account_registration" time="3.392"/>
</testsuite> <!-- testCases.TC001_AccountRegistrationTest -->
